0 info it worked if it ends with ok
1 verbose cli [ 'C:\\Program Files\\nodejs\\node.exe',
1 verbose cli   'C:\\Program Files\\nodejs\\node_modules\\npm\\bin\\npm-cli.js',
1 verbose cli   'install',
1 verbose cli   'gulp-sourchemaps',
1 verbose cli   '--save-dev' ]
2 info using npm@2.14.7
3 info using node@v4.2.1
4 verbose install initial load of C:\Users\user\PhpstormProjects\oxid-test\package.json
5 warn package.json oxid-test@1.0.0 No repository field.
6 warn package.json oxid-test@1.0.0 No README data
7 verbose installManyTop reading scoped package data from C:\Users\user\PhpstormProjects\oxid-test\node_modules\bootstrap\package.json
8 verbose installManyTop reading scoped package data from C:\Users\user\PhpstormProjects\oxid-test\node_modules\gulp\package.json
9 verbose installManyTop reading scoped package data from C:\Users\user\PhpstormProjects\oxid-test\node_modules\gulp-sass\package.json
10 verbose installManyTop reading scoped package data from C:\Users\user\PhpstormProjects\oxid-test\node_modules\jquery\package.json
11 verbose installManyTop reading scoped package data from C:\Users\user\PhpstormProjects\oxid-test\node_modules\popper.js\package.json
12 verbose readDependencies loading dependencies from C:\Users\user\PhpstormProjects\oxid-test\package.json
13 silly cache add args [ 'gulp-sourchemaps', null ]
14 verbose cache add spec gulp-sourchemaps
15 silly cache add parsed spec Result {
15 silly cache add   raw: 'gulp-sourchemaps',
15 silly cache add   scope: null,
15 silly cache add   name: 'gulp-sourchemaps',
15 silly cache add   rawSpec: '',
15 silly cache add   spec: '*',
15 silly cache add   type: 'range' }
16 silly addNamed gulp-sourchemaps@*
17 verbose addNamed "*" is a valid semver range for gulp-sourchemaps
18 silly addNameRange { name: 'gulp-sourchemaps', range: '*', hasData: false }
19 silly mapToRegistry name gulp-sourchemaps
20 silly mapToRegistry using default registry
21 silly mapToRegistry registry https://registry.npmjs.org/
22 silly mapToRegistry uri https://registry.npmjs.org/gulp-sourchemaps
23 verbose addNameRange registry:https://registry.npmjs.org/gulp-sourchemaps not in flight; fetching
24 verbose request uri https://registry.npmjs.org/gulp-sourchemaps
25 verbose request no auth needed
26 info attempt registry request try #1 at 14:23:07
27 verbose request id 6639e460219faa1d
28 http request GET https://registry.npmjs.org/gulp-sourchemaps
29 http 404 https://registry.npmjs.org/gulp-sourchemaps
30 verbose headers { date: 'Thu, 02 Aug 2018 12:23:08 GMT',
30 verbose headers   'content-type': 'application/json',
30 verbose headers   'content-length': '21',
30 verbose headers   connection: 'keep-alive',
30 verbose headers   'set-cookie': [ '__cfduid=def0cf31dc5e8b32ce1d5c56485efb5af1533212588; expires=Fri, 02-Aug-19 12:23:08 GMT; path=/; domain=.registry.npmjs.org; HttpOnly' ],
30 verbose headers   'cache-control': 'max-age=300',
30 verbose headers   'cf-cache-status': 'MISS',
30 verbose headers   'cf-ray': '444083932a1bbf1b-FRA',
30 verbose headers   'expect-ct': 'max-age=604800, report-uri="https://report-uri.cloudflare.com/cdn-cgi/beacon/expect-ct"',
30 verbose headers   vary: 'accept-encoding, accept',
30 verbose headers   server: 'cloudflare' }
31 silly get cb [ 404,
31 silly get   { date: 'Thu, 02 Aug 2018 12:23:08 GMT',
31 silly get     'content-type': 'application/json',
31 silly get     'content-length': '21',
31 silly get     connection: 'keep-alive',
31 silly get     'set-cookie': [ '__cfduid=def0cf31dc5e8b32ce1d5c56485efb5af1533212588; expires=Fri, 02-Aug-19 12:23:08 GMT; path=/; domain=.registry.npmjs.org; HttpOnly' ],
31 silly get     'cache-control': 'max-age=300',
31 silly get     'cf-cache-status': 'MISS',
31 silly get     'cf-ray': '444083932a1bbf1b-FRA',
31 silly get     'expect-ct': 'max-age=604800, report-uri="https://report-uri.cloudflare.com/cdn-cgi/beacon/expect-ct"',
31 silly get     vary: 'accept-encoding, accept',
31 silly get     server: 'cloudflare' } ]
32 verbose stack Error: Not found : gulp-sourchemaps
32 verbose stack     at makeError (C:\Program Files\nodejs\node_modules\npm\node_modules\npm-registry-client\lib\request.js:264:12)
32 verbose stack     at CachingRegistryClient.<anonymous> (C:\Program Files\nodejs\node_modules\npm\node_modules\npm-registry-client\lib\request.js:252:14)
32 verbose stack     at Request._callback (C:\Program Files\nodejs\node_modules\npm\node_modules\npm-registry-client\lib\request.js:172:14)
32 verbose stack     at Request.self.callback (C:\Program Files\nodejs\node_modules\npm\node_modules\request\request.js:198:22)
32 verbose stack     at emitTwo (events.js:87:13)
32 verbose stack     at Request.emit (events.js:172:7)
32 verbose stack     at Request.<anonymous> (C:\Program Files\nodejs\node_modules\npm\node_modules\request\request.js:1063:14)
32 verbose stack     at emitOne (events.js:82:20)
32 verbose stack     at Request.emit (events.js:169:7)
32 verbose stack     at IncomingMessage.<anonymous> (C:\Program Files\nodejs\node_modules\npm\node_modules\request\request.js:1009:12)
33 verbose statusCode 404
34 verbose pkgid gulp-sourchemaps
35 verbose cwd C:\Users\user\PhpstormProjects\oxid-test
36 error Windows_NT 10.0.17134
37 error argv "C:\\Program Files\\nodejs\\node.exe" "C:\\Program Files\\nodejs\\node_modules\\npm\\bin\\npm-cli.js" "install" "gulp-sourchemaps" "--save-dev"
38 error node v4.2.1
39 error npm  v2.14.7
40 error code E404
41 error 404 Not found : gulp-sourchemaps
41 error 404
41 error 404 'gulp-sourchemaps' is not in the npm registry.
41 error 404 You should bug the author to publish it (or use the name yourself!)
41 error 404 It was specified as a dependency of 'oxid-test'
41 error 404
41 error 404 Note that you can also install from a
41 error 404 tarball, folder, http url, or git url.
42 verbose exit [ 1, true ]
